<?xml version="1.0" encoding="UTF-8"?>
<Site BuildName="Linux-c++"
	BuildStamp="20250818-2034-Experimental"
	Name="pi5Desktop"
	Generator="ctest-3.25.1"
	CompilerName="/usr/bin/c++"
	CompilerVersion="12.2.0"
	OSName="Linux"
	Hostname="pi5Desktop"
	OSRelease="6.12.34+rpt-rpi-2712"
	OSVersion="#1 SMP PREEMPT Debian 1:6.12.34-1+rpt1~bookworm (2025-06-26)"
	OSPlatform="aarch64"
	Is64Bits="1"
	VendorString=""
	VendorID="Unknown Manufacturer"
	FamilyID="8"
	ModelID="0"
	ProcessorCacheSize="0"
	NumberOfLogicalCPU="4"
	NumberOfPhysicalCPU="1"
	TotalVirtualMemory="511"
	TotalPhysicalMemory="8063"
	LogicalProcessorsPerPhysical="4"
	ProcessorClockFrequency="0"
	>
	<Testing>
		<StartDateTime>Aug 18 16:36 EDT</StartDateTime>
		<StartTestTime>1755549401</StartTestTime>
		<TestList/>
		<EndDateTime>Aug 18 16:36 EDT</EndDateTime>
		<EndTestTime>1755549401</EndTestTime>
		<ElapsedMinutes>0</ElapsedMinutes>
	</Testing>
</Site>
